# Server version 0.08 running on arians-mbp:8123
# Game ID: 9
# Board class: pentago_twist.PentagoBoard
# Timeout: 20000
# First Move Timeout: 30000
# Date: Thu Apr 08 01:24:42 EDT 2021
# Player 1: Player-0, '260692352', running on localhost
# Player 2: Player-1, '260835976', running on localhost
START Player-0 260692352
START Player-1 260835976
0 1 0 1 0
4 4 2 1 1
0 0 0 0 0
3 4 2 1 1
0 0 3 0 0
1 4 0 1 1
0 1 2 0 0
4 2 1 1 1
0 3 0 1 0
0 4 2 1 1
1 0 1 0 0
1 3 0 0 1
0 3 0 0 0
0 0 1 1 1
0 1 1 1 0
3 4 1 0 1
GAMEOVER WINNER 1
# Game ended: Thu Apr 08 01:25:10 EDT 2021
