# Server version 0.08 running on 192.168.0.174:8123
# Game ID: 8
# Board class: pentago_twist.PentagoBoard
# Timeout: 20000
# First Move Timeout: 30000
# Date: Thu Apr 08 01:24:25 EDT 2021
# Player 1: Player-0, '260835976', running on localhost
# Player 2: Player-1, '260692352', running on localhost
START Player-0 260835976
START Player-1 260692352
1 4 1 1 0
0 1 0 1 1
4 4 3 0 0
0 0 0 0 1
1 5 2 0 0
0 0 0 0 1
1 3 1 1 0
0 0 1 0 1
3 4 0 0 0
GAMEOVER WINNER 0
# Game ended: Thu Apr 08 01:24:41 EDT 2021
