# Server version 0.08 running on arians-mbp:8123
# Game ID: 1
# Board class: pentago_twist.PentagoBoard
# Timeout: 20000
# First Move Timeout: 30000
# Date: Thu Apr 08 01:21:09 EDT 2021
# Player 1: Player-0, '260692352', running on localhost
# Player 2: Player-1, '260835976', running on localhost
START Player-0 260692352
START Player-1 260835976
0 0 1 0 0
4 4 2 1 1
0 1 0 0 0
3 3 2 0 1
0 0 1 0 0
0 5 0 0 1
0 0 0 0 0
4 1 1 0 1
0 0 1 1 0
3 4 0 0 1
0 3 0 0 0
4 2 2 0 1
0 5 2 0 0
5 4 3 0 1
0 1 2 1 0
GAMEOVER WINNER 1
# Game ended: Thu Apr 08 01:21:36 EDT 2021
