# Server version 0.08 running on arians-mbp:8123
# Game ID: 5
# Board class: pentago_twist.PentagoBoard
# Timeout: 2000
# First Move Timeout: 30000
# Date: Fri Apr 09 16:30:10 EDT 2021
# Player 1: Player-0, 'v5_c=2', running on localhost
# Player 2: Player-1, 'v5_c=1.5', running on localhost
START Player-0 v5_c=2
START Player-1 v5_c=1.5
1 2 1 0 0
4 4 0 1 1
1 1 1 0 0
4 0 0 1 1
4 1 1 1 0
1 4 3 1 1
2 1 2 0 0
5 4 0 1 1
1 2 2 1 0
1 3 2 1 1
3 5 2 0 0
1 5 2 0 1
2 0 2 0 0
0 0 0 0 1
4 5 1 0 0
3 4 0 0 1
GAMEOVER WINNER 1
# Game ended: Fri Apr 09 16:30:38 EDT 2021
