# Server version 0.08 running on 192.168.0.174:8123
# Game ID: 6
# Board class: pentago_twist.PentagoBoard
# Timeout: 2000
# First Move Timeout: 30000
# Date: Fri Apr 09 16:30:39 EDT 2021
# Player 1: Player-0, 'v5_c=1.5', running on localhost
# Player 2: Player-1, 'v5_c=2', running on localhost
START Player-0 v5_c=1.5
START Player-1 v5_c=2
1 4 2 0 0
4 5 1 0 1
0 5 3 0 0
0 1 1 0 1
3 5 2 0 0
4 1 0 0 1
1 5 3 0 0
5 4 0 0 1
1 0 2 1 0
1 2 1 0 1
4 2 1 0 0
3 2 0 0 1
GAMEOVER WINNER 1
# Game ended: Fri Apr 09 16:31:03 EDT 2021
