# Server version 0.08 running on arians-mbp:8123
# Game ID: 3
# Board class: pentago_twist.PentagoBoard
# Timeout: 20000
# First Move Timeout: 30000
# Date: Thu Apr 08 01:50:09 EDT 2021
# Player 1: Player-0, 'MCTS_V1', running on localhost
# Player 2: Player-1, '260835976', running on localhost
START Player-0 MCTS_V1
START Player-1 260835976
3 5 0 1 0
4 4 1 0 1
0 0 1 1 0
4 1 0 0 1
3 4 2 1 0
4 3 3 0 1
5 4 1 0 0
2 1 2 1 1
5 0 0 0 0
3 5 3 0 1
1 2 3 1 0
3 3 3 1 1
0 1 1 1 0
0 4 2 1 1
2 1 2 0 0
0 5 1 0 1
GAMEOVER WINNER 1
# Game ended: Thu Apr 08 01:50:37 EDT 2021
