# Server version 0.08 running on arians-mbp:8123
# Game ID: 7
# Board class: pentago_twist.PentagoBoard
# Timeout: 20000
# First Move Timeout: 30000
# Date: Thu Apr 08 01:52:28 EDT 2021
# Player 1: Player-0, 'MCTS_V1', running on localhost
# Player 2: Player-1, '260835976', running on localhost
START Player-0 MCTS_V1
START Player-1 260835976
5 4 3 1 0
4 1 0 1 1
1 0 0 1 0
4 4 0 0 1
1 2 3 1 0
5 1 3 0 1
0 5 1 0 0
0 5 1 1 1
3 4 2 1 0
5 2 1 0 1
2 5 2 0 0
3 0 0 0 1
0 1 1 0 0
0 3 1 1 1
4 5 0 0 0
1 4 2 0 1
GAMEOVER WINNER 1
# Game ended: Thu Apr 08 01:52:57 EDT 2021
