# Server version 0.08 running on arians-mbp:8123
# Game ID: 11
# Board class: pentago_twist.PentagoBoard
# Timeout: 2000
# First Move Timeout: 30000
# Date: Fri Apr 09 16:18:44 EDT 2021
# Player 1: Player-0, 'v5_c=3', running on localhost
# Player 2: Player-1, 'v5_c=2', running on localhost
START Player-0 v5_c=3
START Player-1 v5_c=2
1 4 2 1 0
4 2 3 0 1
0 3 0 0 0
5 1 0 1 1
1 5 0 0 0
5 2 2 1 1
1 1 1 0 0
0 4 1 0 1
4 1 2 1 0
2 4 1 1 1
4 3 1 1 0
3 3 0 0 1
GAMEOVER WINNER 1
# Game ended: Fri Apr 09 16:19:08 EDT 2021
