# Server version 0.08 running on arians-mbp:8123
# Game ID: 5
# Board class: pentago_twist.PentagoBoard
# Timeout: 2000
# First Move Timeout: 30000
# Date: Fri Apr 09 16:16:04 EDT 2021
# Player 1: Player-0, 'v5_c=3', running on localhost
# Player 2: Player-1, 'v5_c=2', running on localhost
START Player-0 v5_c=3
START Player-1 v5_c=2
5 4 0 1 0
4 1 3 1 1
0 2 1 1 0
4 4 0 0 1
5 3 3 1 0
0 0 3 0 1
1 3 3 0 0
3 5 1 1 1
2 1 3 1 0
2 5 3 0 1
3 3 2 0 0
1 1 3 1 1
1 2 2 0 0
5 5 0 0 1
4 2 1 0 0
0 0 0 0 1
GAMEOVER WINNER 1
# Game ended: Fri Apr 09 16:16:31 EDT 2021
