# Server version 0.08 running on arians-mbp:8123
# Game ID: 26
# Board class: pentago_twist.PentagoBoard
# Timeout: 20000
# First Move Timeout: 30000
# Date: Wed Apr 07 23:04:53 EDT 2021
# Player 1: Player-0, '260835976', running on localhost
# Player 2: Player-1, 'RandomPlayer', running on localhost
START Player-0 260835976
START Player-1 RandomPlayer
1 4 1 1 0
4 4 2 0 1
2 0 3 1 0
0 5 1 0 1
4 1 3 0 0
1 1 1 1 1
3 0 3 1 0
0 5 2 1 1
4 2 3 0 0
4 3 1 1 1
5 3 3 0 0
5 4 0 0 1
2 3 2 0 0
0 5 2 1 1
3 2 0 0 0
GAMEOVER WINNER 0
# Game ended: Wed Apr 07 23:05:06 EDT 2021
