# Server version 0.08 running on arians-mbp:8123
# Game ID: 11
# Board class: pentago_twist.PentagoBoard
# Timeout: 2000
# First Move Timeout: 30000
# Date: Thu Apr 08 19:19:57 EDT 2021
# Player 1: Player-0, '260835976-v3', running on localhost
# Player 2: Player-1, 'SWAP_AB', running on localhost
START Player-0 260835976-v3
START Player-1 SWAP_AB
1 4 2 1 0
0 0 0 0 1
5 4 0 0 0
0 0 0 0 1
1 1 0 0 0
0 1 0 0 1
2 1 1 1 0
0 0 0 0 1
0 1 3 1 0
0 3 0 0 1
2 1 1 1 0
0 0 0 0 1
0 4 0 0 0
0 3 0 0 1
1 3 0 1 0
GAMEOVER WINNER 0
# Game ended: Thu Apr 08 19:20:12 EDT 2021
