# Server version 0.08 running on arians-mbp:8123
# Game ID: 25
# Board class: pentago_twist.PentagoBoard
# Timeout: 20000
# First Move Timeout: 30000
# Date: Wed Apr 07 23:04:44 EDT 2021
# Player 1: Player-0, 'RandomPlayer', running on localhost
# Player 2: Player-1, '260835976', running on localhost
START Player-0 RandomPlayer
START Player-1 260835976
1 0 2 0 0
4 2 1 1 1
0 2 1 0 0
3 1 1 1 1
4 0 0 1 0
1 3 2 1 1
1 4 2 1 0
0 4 1 1 1
5 4 1 1 0
2 2 2 1 1
GAMEOVER WINNER 1
# Game ended: Wed Apr 07 23:04:52 EDT 2021
