# Server version 0.08 running on arians-mbp:8123
# Game ID: 32
# Board class: pentago_twist.PentagoBoard
# Timeout: 20000
# First Move Timeout: 30000
# Date: Thu Apr 08 21:21:54 EDT 2021
# Player 1: Player-0, '260835976', running on arians-mbp
# Player 2: Player-1, 'Human', running on arians-mbp
START Player-0 260835976
START Player-1 Human
1 4 0 1 0
4 1 1 1 1
0 2 3 1 0
1 1 1 1 1
4 4 0 0 0
3 1 0 0 1
1 5 1 1 0
2 1 1 1 1
5 1 2 0 0
0 1 2 1 1
3 1 2 1 0
3 2 2 1 1
5 1 2 1 0
4 3 2 1 1
1 3 2 1 0
1 0 2 1 1
3 4 1 0 0
GAMEOVER WINNER 0
# Game ended: Thu Apr 08 21:24:36 EDT 2021
