# Server version 0.08 running on arians-mbp:8123
# Game ID: 16
# Board class: pentago_twist.PentagoBoard
# Timeout: 2000
# First Move Timeout: 30000
# Date: Thu Apr 08 19:21:18 EDT 2021
# Player 1: Player-0, 'SWAP_AB', running on localhost
# Player 2: Player-1, '260835976-v3', running on localhost
START Player-0 SWAP_AB
START Player-1 260835976-v3
0 0 0 0 0
4 4 2 1 1
0 0 0 0 0
5 3 0 0 1
0 0 0 0 0
2 3 3 0 1
0 1 0 0 0
4 5 1 1 1
0 1 0 0 0
1 3 3 0 1
0 0 0 0 0
2 4 3 0 1
0 1 0 0 0
5 4 0 0 1
0 3 0 0 0
4 5 1 0 1
0 1 0 0 0
3 5 1 1 1
GAMEOVER WINNER 1
# Game ended: Thu Apr 08 19:21:35 EDT 2021
