# Server version 0.08 running on arians-mbp:8123
# Game ID: 34
# Board class: pentago_twist.PentagoBoard
# Timeout: 20000
# First Move Timeout: 30000
# Date: Thu Apr 08 21:27:34 EDT 2021
# Starting at move 5
# Player 1: Player-0, 'Human', running on arians-mbp
# Player 2: Player-1, '260835976', running on arians-mbp
START Player-0 Human
START Player-1 260835976
1 1 0 0 0
4 4 3 0 1
1 4 1 1 0
4 1 3 1 1
2 4 3 0 0
0 4 2 0 1
1 2 1 0 0
2 0 1 0 1
1 0 1 1 0
1 3 0 0 1
1 5 1 1 0
5 1 1 1 1
3 1 0 0 0
4 0 0 0 1
4 2 1 1 0
3 3 2 1 1
GAMEOVER WINNER 1
# Game ended: Thu Apr 08 21:32:55 EDT 2021
