# Server version 0.08 running on arians-mbp:8123
# Game ID: 22
# Board class: pentago_twist.PentagoBoard
# Timeout: 20000
# First Move Timeout: 30000
# Date: Wed Apr 07 22:58:33 EDT 2021
# Player 1: Player-0, '260835976', running on arians-mbp
# Player 2: Player-1, '260835976', running on arians-mbp
START Player-0 260835976
START Player-1 260835976
1 4 1 0 0
4 5 0 1 1
1 0 3 0 0
0 1 2 0 1
4 5 2 0 0
0 2 3 1 1
0 0 2 1 0
4 4 0 0 1
1 1 2 0 0
2 1 0 1 1
2 4 3 1 0
5 0 3 1 1
0 4 1 1 0
0 5 0 1 1
1 0 0 0 0
4 0 0 1 1
3 0 1 0 0
4 1 1 0 1
4 2 0 0 0
2 2 0 1 1
5 1 0 1 0
0 5 0 1 1
1 5 0 1 0
0 2 1 0 1
GAMEOVER WINNER 0
# Game ended: Wed Apr 07 22:59:10 EDT 2021
