# Server version 0.08 running on arians-mbp:8123
# Game ID: 10
# Board class: pentago_twist.PentagoBoard
# Timeout: 2000
# First Move Timeout: 30000
# Date: Fri Apr 09 16:49:05 EDT 2021
# Player 1: Player-0, 'v5_c=1.5', running on localhost
# Player 2: Player-1, 'v5_theoretical', running on localhost
START Player-0 v5_c=1.5
START Player-1 v5_theoretical
4 3 1 0 0
4 2 2 1 1
0 4 3 1 0
1 1 2 0 1
4 4 0 0 0
0 2 2 0 1
5 2 1 0 0
3 3 1 0 1
1 2 2 0 0
2 1 1 1 1
0 5 1 0 0
0 3 2 1 1
4 0 1 1 0
0 3 1 1 1
2 2 2 1 0
5 3 0 0 1
1 5 1 1 0
0 1 2 1 1
1 2 0 0 0
3 2 0 0 1
0 4 3 0 0
2 5 0 0 1
0 0 0 0 0
3 4 3 0 1
4 1 0 0 0
3 4 3 0 1
3 3 3 0 0
5 5 3 0 1
3 0 2 0 0
4 2 2 1 1
2 4 3 0 0
3 2 0 0 1
5 4 0 1 0
1 4 3 1 1
2 0 1 0 0
5 1 1 0 1
GAMEOVER DRAW
# Game ended: Fri Apr 09 16:49:17 EDT 2021
