# Server version 0.08 running on arians-mbp:8123
# Game ID: 18
# Board class: pentago_twist.PentagoBoard
# Timeout: 20000
# First Move Timeout: 30000
# Date: Wed Apr 07 22:55:53 EDT 2021
# Player 1: Player-0, 'RandomPlayer', running on arians-mbp
# Player 2: Player-1, '260835976', running on arians-mbp
START Player-0 RandomPlayer
START Player-1 260835976
1 0 2 0 0
4 4 1 1 1
0 2 1 0 0
3 3 0 1 1
4 0 0 1 0
1 1 1 1 1
1 4 2 1 0
2 2 3 1 1
5 4 1 1 0
0 0 0 0 1
4 3 0 0 0
0 1 0 0 1
4 5 2 1 0
0 3 3 1 1
3 5 0 0 0
GAMEOVER WINNER 1
# Game ended: Wed Apr 07 22:56:04 EDT 2021
