# Server version 0.08 running on arians-mbp:8123
# Game ID: 37
# Board class: pentago_twist.PentagoBoard
# Timeout: 20000
# First Move Timeout: 30000
# Date: Thu Apr 08 21:36:17 EDT 2021
# Starting at move 3
# Player 1: Player-0, 'Human', running on arians-mbp
# Player 2: Player-1, '260835976', running on arians-mbp
START Player-0 Human
START Player-1 260835976
1 4 1 1 0
4 2 1 1 1
4 1 2 0 0
5 0 2 0 1
1 1 0 0 0
2 4 1 1 1
1 2 3 1 0
1 5 3 0 1
1 3 3 1 0
1 0 1 1 1
3 2 1 1 0
5 0 3 1 1
2 3 0 0 0
1 0 2 0 1
3 3 3 1 0
0 2 0 0 1
0 2 0 0 0
4 0 0 1 1
0 2 0 1 0
0 2 0 0 1
3 3 2 0 0
4 4 0 0 1
0 5 2 0 0
3 2 0 0 1
GAMEOVER WINNER 1
# Game ended: Thu Apr 08 21:53:22 EDT 2021
