# Server version 0.08 running on arians-mbp:8123
# Game ID: 30
# Board class: pentago_twist.PentagoBoard
# Timeout: 20000
# First Move Timeout: 30000
# Date: Thu Apr 08 21:14:59 EDT 2021
# Player 1: Player-0, 'Human', running on arians-mbp
# Player 2: Player-1, 'RandomPlayer', running on arians-mbp
START Player-0 Human
START Player-1 RandomPlayer
4 1 0 0 0
4 4 2 0 1
3 2 3 1 0
0 5 1 0 1
2 3 3 0 0
1 1 1 1 1
5 0 3 0 0
0 5 2 1 1
1 4 1 1 0
4 2 1 1 1
3 2 1 0 0
5 4 0 0 1
5 0 0 0 0
GAMEOVER WINNER 0
# Game ended: Thu Apr 08 21:17:32 EDT 2021
