# Server version 0.08 running on arians-mbp:8123
# Game ID: 35
# Board class: pentago_twist.PentagoBoard
# Timeout: 20000
# First Move Timeout: 30000
# Date: Thu Apr 08 21:33:16 EDT 2021
# Player 1: Player-0, '260835976', running on arians-mbp
# Player 2: Player-1, 'Human', running on arians-mbp
START Player-0 260835976
START Player-1 Human
1 4 3 0 0
4 1 1 1 1
2 0 0 1 0
1 1 0 0 1
4 3 1 0 0
4 4 3 1 1
1 3 2 0 0
2 2 1 1 1
5 1 0 1 0
0 2 0 0 1
3 5 2 1 0
3 3 1 1 1
GAMEOVER WINNER 1
# Game ended: Thu Apr 08 21:35:30 EDT 2021
