# Server version 0.08 running on arians-mbp:8123
# Game ID: 17
# Board class: pentago_twist.PentagoBoard
# Timeout: 20000
# First Move Timeout: 30000
# Date: Thu Apr 08 02:36:08 EDT 2021
# Player 1: Player-0, '260835976', running on localhost
# Player 2: Player-1, '260767897', running on localhost
START Player-0 260835976
START Player-1 260767897
1 4 1 1 0
2 4 3 0 1
0 1 2 1 0
0 0 1 0 1
4 1 3 1 0
2 4 2 0 1
5 0 1 0 0
1 1 2 0 1
2 5 0 1 0
0 5 1 0 1
0 5 2 0 0
GAMEOVER WINNER 0
# Game ended: Thu Apr 08 02:36:35 EDT 2021
