# Server version 0.08 running on arians-mbp:8123
# Game ID: 27
# Board class: pentago_twist.PentagoBoard
# Timeout: 20000
# First Move Timeout: 30000
# Date: Wed Apr 07 23:05:07 EDT 2021
# Player 1: Player-0, 'RandomPlayer', running on localhost
# Player 2: Player-1, '260835976', running on localhost
START Player-0 RandomPlayer
START Player-1 260835976
1 0 2 0 0
4 4 0 1 1
0 2 1 0 0
3 4 0 1 1
4 0 0 1 0
1 4 0 0 1
1 1 2 1 0
5 4 2 0 1
5 3 1 1 0
1 5 1 0 1
GAMEOVER WINNER 1
# Game ended: Wed Apr 07 23:05:15 EDT 2021
