# Server version 0.08 running on arians-mbp:8123
# Game ID: 2
# Board class: pentago_twist.PentagoBoard
# Timeout: 2000
# First Move Timeout: 30000
# Date: Fri Apr 09 16:45:23 EDT 2021
# Player 1: Player-0, 'v5_c=1.5', running on localhost
# Player 2: Player-1, 'v5_theoretical', running on localhost
START Player-0 v5_c=1.5
START Player-1 v5_theoretical
4 5 1 1 0
4 1 0 0 1
0 4 2 1 0
1 1 2 0 1
4 4 2 0 0
0 2 2 0 1
0 5 2 0 0
3 4 1 0 1
0 5 3 1 0
2 2 1 1 1
3 3 0 0 0
GAMEOVER WINNER 0
# Game ended: Fri Apr 09 16:45:38 EDT 2021
