# Server version 0.08 running on arians-mbp:8123
# Game ID: 23
# Board class: pentago_twist.PentagoBoard
# Timeout: 20000
# First Move Timeout: 30000
# Date: Thu Apr 08 03:07:36 EDT 2021
# Player 1: Player-0, '260835976', running on localhost
# Player 2: Player-1, '260835976_v1', running on localhost
START Player-0 260835976
START Player-1 260835976_v1
1 4 3 1 0
0 0 0 0 1
4 4 3 1 0
0 0 1 1 1
4 3 3 1 0
2 4 3 1 1
5 4 0 0 0
4 5 3 0 1
3 5 1 1 0
2 1 1 1 1
4 0 2 0 0
2 5 2 1 1
1 5 1 0 0
0 4 1 0 1
4 1 2 0 0
1 2 0 0 1
4 0 0 0 0
GAMEOVER WINNER 0
# Game ended: Thu Apr 08 03:08:09 EDT 2021
