# Server version 0.08 running on arians-mbp:8123
# Game ID: 4
# Board class: pentago_twist.PentagoBoard
# Timeout: 2000
# First Move Timeout: 30000
# Date: Thu Apr 08 19:17:47 EDT 2021
# Player 1: Player-0, 'SWAP_AB', running on localhost
# Player 2: Player-1, '260835976-v3', running on localhost
START Player-0 SWAP_AB
START Player-1 260835976-v3
0 0 0 0 0
4 4 0 1 1
0 1 0 0 0
4 1 3 1 1
0 0 0 0 0
3 4 2 1 1
0 0 0 0 0
5 2 2 0 1
0 0 0 0 0
3 1 1 0 1
0 3 0 0 0
4 0 1 0 1
0 1 0 0 0
5 4 3 0 1
0 1 0 0 0
0 1 2 0 1
GAMEOVER WINNER 1
# Game ended: Thu Apr 08 19:18:03 EDT 2021
