# Server version 0.08 running on arians-mbp:8123
# Game ID: 1
# Board class: pentago_twist.PentagoBoard
# Timeout: 20000
# First Move Timeout: 30000
# Date: Thu Apr 08 01:32:32 EDT 2021
# Player 1: Player-0, 'SWAP_AB', running on localhost
# Player 2: Player-1, '260835976', running on localhost
START Player-0 SWAP_AB
START Player-1 260835976
0 0 0 0 0
4 4 1 0 1
0 0 0 0 0
3 0 2 1 1
0 0 0 0 0
0 1 2 1 1
0 0 0 0 0
1 3 3 0 1
0 1 0 0 0
1 1 3 1 1
0 1 0 0 0
3 2 3 0 1
0 1 0 0 0
5 4 2 1 1
0 3 0 0 0
1 5 1 0 1
0 3 0 0 0
1 4 1 1 1
1 3 0 0 0
3 4 0 0 1
GAMEOVER WINNER 1
# Game ended: Thu Apr 08 01:32:48 EDT 2021
