# Server version 0.08 running on arians-mbp:8123
# Game ID: 20
# Board class: pentago_twist.PentagoBoard
# Timeout: 20000
# First Move Timeout: 30000
# Date: Thu Apr 08 15:23:10 EDT 2021
# Player 1: Player-0, '260835976_v2', running on localhost
# Player 2: Player-1, '260835976', running on localhost
START Player-0 260835976_v2
START Player-1 260835976
1 0 2 0 0
4 4 0 0 1
0 3 1 0 0
3 0 1 1 1
4 0 0 1 0
1 1 1 0 1
1 4 2 1 0
3 5 0 0 1
5 4 1 1 0
5 3 0 0 1
4 1 0 0 0
0 0 2 0 1
4 0 2 1 0
2 2 3 0 1
GAMEOVER WINNER 1
# Game ended: Thu Apr 08 15:23:24 EDT 2021
