# Server version 0.08 running on arians-mbp:8123
# Game ID: 16
# Board class: pentago_twist.PentagoBoard
# Timeout: 20000
# First Move Timeout: 30000
# Date: Thu Apr 08 15:22:16 EDT 2021
# Player 1: Player-0, '260835976_v2', running on localhost
# Player 2: Player-1, '260835976', running on localhost
START Player-0 260835976_v2
START Player-1 260835976
1 0 2 0 0
4 4 3 0 1
0 2 1 0 0
3 4 0 0 1
4 0 0 1 0
1 4 2 0 1
1 2 2 1 0
5 4 2 0 1
5 3 1 1 0
1 5 1 0 1
GAMEOVER WINNER 1
# Game ended: Thu Apr 08 15:22:26 EDT 2021
