# Server version 0.08 running on 192.168.0.174:8123
# Game ID: 4
# Board class: pentago_twist.PentagoBoard
# Timeout: 2000
# First Move Timeout: 30000
# Date: Sat Apr 10 23:27:26 EDT 2021
# Player 1: Player-0, '260835976', running on localhost
# Player 2: Player-1, 'alpha-beta', running on localhost
START Player-0 260835976
START Player-1 alpha-beta
1 4 2 1 0
4 4 2 0 1
0 4 2 1 0
1 1 3 0 1
2 4 0 1 0
4 1 2 0 1
3 5 0 1 0
5 2 2 0 1
4 0 3 1 0
3 1 0 0 1
3 4 3 1 0
5 1 0 0 1
4 5 2 0 0
1 2 1 0 1
0 1 3 0 0
2 2 2 1 1
0 2 1 0 0
1 0 1 0 1
2 1 1 1 0
0 0 1 0 1
1 3 0 1 0
5 0 0 1 1
3 0 1 0 0
3 4 2 1 1
3 3 2 0 0
0 3 2 0 1
3 2 1 0 0
5 3 0 1 1
3 1 1 0 0
0 4 1 1 1
0 5 2 1 0
0 3 2 1 1
4 3 0 1 0
2 0 2 0 1
2 5 0 1 0
3 5 1 0 1
GAMEOVER DRAW
# Game ended: Sat Apr 10 23:28:08 EDT 2021
