# Server version 0.08 running on 192.168.0.174:8123
# Game ID: 2
# Board class: pentago_twist.PentagoBoard
# Timeout: 2000
# First Move Timeout: 30000
# Date: Sat Apr 10 23:26:34 EDT 2021
# Player 1: Player-0, '260835976', running on localhost
# Player 2: Player-1, 'alpha-beta', running on localhost
START Player-0 260835976
START Player-1 alpha-beta
1 0 0 1 0
4 1 2 0 1
0 0 2 1 0
4 4 2 0 1
1 4 3 1 0
1 1 3 0 1
5 2 2 0 0
3 1 0 0 1
5 1 0 1 0
GAMEOVER TIMEOUT WINNER 0
# Game ended: Sat Apr 10 23:26:58 EDT 2021
