# Server version 0.08 running on 192.168.0.174:8123
# Game ID: 8
# Board class: pentago_twist.PentagoBoard
# Timeout: 2000
# First Move Timeout: 30000
# Date: Sat Apr 10 23:30:04 EDT 2021
# Player 1: Player-0, '260835976', running on localhost
# Player 2: Player-1, 'alpha-beta', running on localhost
START Player-0 260835976
START Player-1 alpha-beta
1 4 3 1 0
1 1 3 0 1
4 4 0 0 0
4 1 2 0 1
2 1 0 0 0
0 1 0 0 1
0 4 0 0 0
3 1 0 1 1
2 2 2 0 0
4 0 2 0 1
GAMEOVER WINNER 1
# Game ended: Sat Apr 10 23:30:27 EDT 2021
