# Server version 0.08 running on 192.168.0.174:8123
# Game ID: 17
# Board class: pentago_twist.PentagoBoard
# Timeout: 2000
# First Move Timeout: 30000
# Date: Sat Apr 10 23:34:42 EDT 2021
# Player 1: Player-0, 'alpha-beta', running on localhost
# Player 2: Player-1, '260835976', running on localhost
START Player-0 alpha-beta
START Player-1 260835976
1 1 3 0 0
4 4 2 0 1
1 4 3 0 0
4 2 3 1 1
4 1 2 0 0
5 0 2 0 1
0 0 0 0 0
5 2 3 0 1
0 0 0 0 0
1 2 3 0 1
0 0 0 0 0
5 0 0 0 1
0 2 0 0 0
4 5 0 1 1
0 3 0 0 0
5 5 3 1 1
3 3 1 0 0
3 4 2 0 1
3 5 3 1 0
5 4 3 0 1
2 1 3 1 0
0 1 0 0 1
0 1 0 0 0
GAMEOVER WINNER 1
# Game ended: Sat Apr 10 23:35:18 EDT 2021
