# Server version 0.08 running on 192.168.0.174:8123
# Game ID: 9
# Board class: pentago_twist.PentagoBoard
# Timeout: 2000
# First Move Timeout: 30000
# Date: Sat Apr 10 23:30:28 EDT 2021
# Player 1: Player-0, 'alpha-beta', running on localhost
# Player 2: Player-1, '260835976', running on localhost
START Player-0 alpha-beta
START Player-1 260835976
1 1 3 0 0
4 4 0 1 1
1 4 3 0 0
4 2 0 1 1
4 1 2 0 0
5 0 3 0 1
0 0 0 0 0
0 1 2 1 1
0 0 0 0 0
0 0 1 1 1
0 3 0 0 0
1 2 3 1 1
1 5 2 0 0
1 0 3 0 1
4 2 2 0 0
0 0 2 0 1
2 5 1 0 0
0 1 0 0 1
GAMEOVER WINNER 1
# Game ended: Sat Apr 10 23:31:05 EDT 2021
