# Server version 0.08 running on 192.168.0.174:8123
# Game ID: 1
# Board class: pentago_twist.PentagoBoard
# Timeout: 2000
# First Move Timeout: 30000
# Date: Sat Apr 10 23:25:36 EDT 2021
# Player 1: Player-0, 'alpha-beta', running on localhost
# Player 2: Player-1, '260835976', running on localhost
START Player-0 alpha-beta
START Player-1 260835976
1 4 3 0 0
4 5 1 1 1
4 4 2 0 0
0 5 0 1 1
1 1 3 0 0
1 0 1 0 1
0 0 0 0 0
5 3 2 0 1
0 0 3 0 0
2 4 0 1 1
0 3 3 0 0
2 3 0 0 1
4 5 1 0 0
3 3 1 1 1
4 3 1 1 0
5 1 1 1 1
4 0 1 1 0
5 0 1 1 1
3 1 1 1 0
0 1 1 0 1
4 2 0 0 0
5 3 0 1 1
5 4 0 1 0
4 1 1 0 1
3 2 1 1 0
0 4 1 1 1
0 0 1 1 0
1 0 1 1 1
0 2 1 1 0
2 4 2 0 1
0 5 2 1 0
5 5 2 1 1
0 1 2 1 0
1 5 3 0 1
5 2 0 1 0
3 0 2 0 1
GAMEOVER DRAW
# Game ended: Sat Apr 10 23:26:33 EDT 2021
