# Server version 0.08 running on 192.168.0.174:8123
# Game ID: 19
# Board class: pentago_twist.PentagoBoard
# Timeout: 20000
# First Move Timeout: 30000
# Date: Thu Apr 08 17:17:22 EDT 2021
# Player 1: Player-0, '260835976-v3', running on localhost
# Player 2: Player-1, '260835976', running on localhost
START Player-0 260835976-v3
START Player-1 260835976
5 4 0 1 0
4 4 0 0 1
0 5 1 1 0
1 1 2 1 1
1 0 2 1 0
0 0 3 1 1
5 3 2 1 0
2 2 3 0 1
5 5 0 1 0
5 3 3 0 1
0 1 3 1 0
0 0 1 0 1
1 3 3 0 0
3 3 0 0 1
GAMEOVER WINNER 1
# Game ended: Thu Apr 08 17:17:50 EDT 2021
