# Server version 0.08 running on arians-mbp:8123
# Game ID: 22
# Board class: pentago_twist.PentagoBoard
# Timeout: 20000
# First Move Timeout: 30000
# Date: Thu Apr 08 17:20:17 EDT 2021
# Player 1: Player-0, '260835976', running on localhost
# Player 2: Player-1, '260835976-v3', running on localhost
START Player-0 260835976
START Player-1 260835976-v3
1 4 0 1 0
4 5 1 0 1
0 1 0 1 0
2 0 0 0 1
4 3 0 1 0
0 1 2 1 1
1 1 2 1 0
5 5 1 1 1
5 1 0 0 0
0 2 3 1 1
5 4 0 0 0
1 0 1 1 1
0 1 0 1 0
0 5 1 1 1
0 5 3 0 0
1 3 2 1 1
2 3 3 0 0
3 0 1 1 1
2 3 3 0 0
4 3 3 0 1
0 4 2 1 0
4 2 2 1 1
0 0 0 0 0
GAMEOVER WINNER 1
# Game ended: Thu Apr 08 17:21:02 EDT 2021
