# Server version 0.08 running on arians-mbp:8123
# Game ID: 20
# Board class: pentago_twist.PentagoBoard
# Timeout: 20000
# First Move Timeout: 30000
# Date: Thu Apr 08 17:19:14 EDT 2021
# Player 1: Player-0, '260835976', running on localhost
# Player 2: Player-1, '260835976-v3', running on localhost
START Player-0 260835976
START Player-1 260835976-v3
5 5 2 1 0
3 5 0 1 1
0 4 0 1 0
5 0 3 0 1
1 1 3 1 0
5 2 1 0 1
0 4 3 0 0
4 0 1 0 1
2 2 2 1 0
3 2 3 1 1
3 3 1 0 0
0 1 1 0 1
4 4 1 0 0
GAMEOVER WINNER 0
# Game ended: Thu Apr 08 17:19:40 EDT 2021
