# Server version 0.08 running on arians-mbp:8123
# Game ID: 34
# Board class: pentago_twist.PentagoBoard
# Timeout: 20000
# First Move Timeout: 30000
# Date: Thu Apr 08 17:27:00 EDT 2021
# Player 1: Player-0, '260835976', running on localhost
# Player 2: Player-1, '260835976-v3', running on localhost
START Player-0 260835976
START Player-1 260835976-v3
1 4 2 1 0
5 3 2 1 1
0 3 2 0 0
1 5 3 1 1
3 3 1 1 0
0 3 1 0 1
2 1 1 1 0
5 4 2 1 1
5 1 0 1 0
5 3 0 0 1
0 5 3 0 0
1 3 1 1 1
1 2 1 1 0
2 2 1 1 1
0 0 1 1 0
2 5 1 1 1
1 1 3 0 0
1 3 3 0 1
0 1 1 0 0
GAMEOVER WINNER 1
# Game ended: Thu Apr 08 17:27:37 EDT 2021
