# Server version 0.08 running on arians-mbp:8123
# Game ID: 10
# Board class: pentago_twist.PentagoBoard
# Timeout: 20000
# First Move Timeout: 30000
# Date: Thu Apr 08 17:10:58 EDT 2021
# Player 1: Player-0, '260835976', running on localhost
# Player 2: Player-1, '260835976-v3', running on localhost
START Player-0 260835976
START Player-1 260835976-v3
1 4 2 0 0
4 5 0 1 1
0 3 0 0 0
0 5 0 0 1
4 1 2 1 0
1 1 3 0 1
5 0 1 1 0
2 3 1 1 1
3 2 0 1 0
2 3 0 0 1
5 5 1 0 0
4 5 1 1 1
4 4 1 0 0
3 1 1 1 1
5 2 1 1 0
0 1 1 1 1
3 4 2 1 0
1 2 3 0 1
3 4 1 1 0
3 2 3 0 1
1 0 0 1 0
1 3 0 0 1
1 0 0 0 0
2 2 1 1 1
2 4 1 1 0
0 2 1 1 1
4 2 1 1 0
4 0 1 1 1
0 4 1 1 0
2 0 2 1 1
1 5 2 1 0
5 1 1 1 1
5 3 1 1 0
0 0 2 1 1
3 5 0 0 0
5 5 2 0 1
GAMEOVER DRAW
# Game ended: Thu Apr 08 17:12:09 EDT 2021
