# Server version 0.08 running on arians-mbp:8123
# Game ID: 36
# Board class: pentago_twist.PentagoBoard
# Timeout: 20000
# First Move Timeout: 30000
# Date: Thu Apr 08 17:28:23 EDT 2021
# Player 1: Player-0, '260835976', running on localhost
# Player 2: Player-1, '260835976-v3', running on localhost
START Player-0 260835976
START Player-1 260835976-v3
5 4 3 1 0
4 1 1 1 1
0 3 2 0 0
4 4 3 0 1
4 5 0 0 0
1 1 3 1 1
0 0 1 1 0
0 2 0 0 1
0 1 0 1 0
3 3 1 1 1
0 2 0 0 0
5 5 0 1 1
0 5 3 0 0
2 2 3 0 1
GAMEOVER WINNER 1
# Game ended: Thu Apr 08 17:28:50 EDT 2021
