# Server version 0.08 running on arians-mbp:8123
# Game ID: 29
# Board class: pentago_twist.PentagoBoard
# Timeout: 20000
# First Move Timeout: 30000
# Date: Thu Apr 08 17:23:50 EDT 2021
# Player 1: Player-0, '260835976-v3', running on localhost
# Player 2: Player-1, '260835976', running on localhost
START Player-0 260835976-v3
START Player-1 260835976
4 5 2 0 0
4 1 1 1 1
1 3 1 0 0
4 4 1 1 1
5 4 0 1 0
1 1 1 1 1
3 5 3 1 0
2 1 1 1 1
2 4 3 0 0
0 1 3 0 1
5 0 1 1 0
3 1 0 1 1
GAMEOVER WINNER 1
# Game ended: Thu Apr 08 17:24:14 EDT 2021
