# Server version 0.08 running on arians-mbp:8123
# Game ID: 26
# Board class: pentago_twist.PentagoBoard
# Timeout: 20000
# First Move Timeout: 30000
# Date: Thu Apr 08 02:22:08 EDT 2021
# Player 1: Player-0, '260767897', running on localhost
# Player 2: Player-1, '260835976', running on localhost
START Player-0 260767897
START Player-1 260835976
3 0 1 1 0
0 0 1 1 1
4 4 2 0 0
0 1 0 1 1
1 4 1 0 0
1 2 1 1 1
2 5 3 1 0
0 0 3 0 1
1 0 2 0 0
0 3 0 0 1
1 0 0 1 0
0 4 0 0 1
GAMEOVER WINNER 1
# Game ended: Thu Apr 08 02:22:29 EDT 2021
