# Server version 0.08 running on arians-mbp:8123
# Game ID: 7
# Board class: pentago_twist.PentagoBoard
# Timeout: 2000
# First Move Timeout: 30000
# Date: Fri Apr 09 16:24:53 EDT 2021
# Player 1: Player-0, 'v5_c=2', running on localhost
# Player 2: Player-1, 'v5_c=1', running on localhost
START Player-0 v5_c=2
START Player-1 v5_c=1
4 5 3 1 0
4 1 3 1 1
2 0 2 0 0
4 4 1 0 1
4 3 2 0 0
0 2 2 1 1
1 3 3 0 0
2 2 0 0 1
0 1 1 1 0
1 1 1 1 1
5 3 3 0 0
5 1 3 0 1
0 2 3 0 0
3 1 1 1 1
5 3 0 0 0
2 1 0 1 1
GAMEOVER WINNER 1
# Game ended: Fri Apr 09 16:25:24 EDT 2021
